<?xml version="1.0" encoding="UTF-8"?>
<testng-results ignored="0" total="1" passed="1" failed="0" skipped="0">
  <reporter-output>
  </reporter-output>
  <suite started-at="2024-01-11T14:33:44 IST" name="Suite" finished-at="2024-01-11T14:35:34 IST" duration-ms="109449">
    <groups>
    </groups>
    <test started-at="2024-01-11T14:33:44 IST" name="chromeTest" finished-at="2024-01-11T14:35:34 IST" duration-ms="109449">
      <class name="com.change2naturalfoods.userverification.UserVerification">
        <test-method is-config="true" signature="getWebDriver(java.lang.String,java.lang.String)[pri:0, instance:com.change2naturalfoods.userverification.UserVerification@14028087]" started-at="2024-01-11T14:33:45 IST" name="getWebDriver" finished-at="2024-01-11T14:35:25 IST" duration-ms="100017" status="PASS">
          <params>
            <param index="0">
              <value>
                <![CDATA[chrome]]>
              </value>
            </param>
            <param index="1">
              <value>
                <![CDATA[http://change2naturalfoods.com]]>
              </value>
            </param>
          </params>
          <reporter-output>
          </reporter-output>
        </test-method> <!-- getWebDriver -->
        <test-method signature="verifyError()[pri:0, instance:com.change2naturalfoods.userverification.UserVerification@14028087]" started-at="2024-01-11T14:35:25 IST" name="verifyError" finished-at="2024-01-11T14:35:32 IST" duration-ms="6986" status="PASS">
          <reporter-output>
          </reporter-output>
        </test-method> <!-- verifyError -->
        <test-method is-config="true" signature="closeBrowser()[pri:0, instance:com.change2naturalfoods.userverification.UserVerification@14028087]" started-at="2024-01-11T14:35:32 IST" name="closeBrowser" finished-at="2024-01-11T14:35:34 IST" duration-ms="1180" status="PASS">
          <reporter-output>
          </reporter-output>
        </test-method> <!-- closeBrowser -->
      </class> <!-- com.change2naturalfoods.userverification.UserVerification -->
    </test> <!-- chromeTest -->
  </suite> <!-- Suite -->
</testng-results>
